<?xml version="1.0" encoding="UTF-8"?>
<!-- Generated by org.testng.reporters.JUnitReportReporter -->
<testsuite ignored="0" hostname="MSI" failures="0" tests="1" name="prueba.PruebaTest" time="4.470" errors="0" timestamp="20 ene. 2024 15:31:18 GMT" skipped="0">
  <testcase classname="prueba.PruebaTest" name="f" time="4.470"/>
</testsuite> <!-- prueba.PruebaTest -->
